<?xml version="1.0" encoding="UTF-8"?>
<!-- Generated by org.testng.reporters.JUnitReportReporter -->
<testsuite hostname="studentapp" name="com.crm.customertest.CustomerTest" tests="3" failures="0" timestamp="24 Apr 2018 10:36:35 GMT" time="0.033" errors="0">
  <testcase name="modifyCustomerTest" time="0.006" classname="com.crm.customertest.CustomerTest"/>
  <testcase name="createCustomerTest" time="0.019" classname="com.crm.customertest.CustomerTest"/>
  <testcase name="deleteCustomerTest" time="0.008" classname="com.crm.customertest.CustomerTest"/>
</testsuite> <!-- com.crm.customertest.CustomerTest -->
