<?xml version="1.0" encoding="UTF-8"?>
<!-- Generated by org.testng.reporters.JUnitReportReporter -->
<testsuite hostname="TYSS-TR-001" name="com.crm.customertest.CustomerTest" tests="3" failures="0" timestamp="24 Apr 2018 11:17:53 GMT" time="0.032" errors="0">
  <testcase name="modifyCustomerTest" time="0.016" classname="com.crm.customertest.CustomerTest"/>
  <testcase name="createCustomerTest" time="0.016" classname="com.crm.customertest.CustomerTest"/>
  <testcase name="deleteCustomerTest" time="0.000" classname="com.crm.customertest.CustomerTest"/>
</testsuite> <!-- com.crm.customertest.CustomerTest -->
